<?xml version="1.0" encoding="UTF-8"?>
<!-- Generated by org.testng.reporters.JUnitReportReporter -->
<testsuite hostname="VITHAPE2L2" name="com.jbk.base.LoginTest" tests="1" failures="0" timestamp="24 Apr 2021 09:37:17 GMT" time="22.377" errors="0">
  <testcase name="setup" time="22.377" classname="com.jbk.base.LoginTest"/>
</testsuite> <!-- com.jbk.base.LoginTest -->
